Path = junit-4.0.jar
Path = META-INF
Path = META-INF/MANIFEST.MF
Path = .settings
Path = junit
Path = junit4.0
Path = junit/extensions
Path = junit/framework
Path = junit/runner
Path = junit/textui
Path = org
Path = org/junit
Path = org/junit/internal
Path = org/junit/internal/requests
Path = org/junit/internal/runners
Path = org/junit/runner
Path = org/junit/runner/manipulation
Path = org/junit/runner/notification
Path = org/junit/runners
Path = .settings/org.eclipse.jdt.core.prefs
Path = .settings/org.eclipse.jdt.ui.prefs
Path = .temp$junit.arx
Path = done.txt
Path = junit/extensions/ActiveTestSuite$1.class
Path = junit/extensions/ActiveTestSuite.class
Path = junit/extensions/RepeatedTest.class
Path = junit/extensions/TestDecorator.class
Path = junit/extensions/TestSetup$1.class
Path = junit/extensions/TestSetup.class
Path = junit/framework/Assert.class
Path = junit/framework/AssertionFailedError.class
Path = junit/framework/ComparisonCompactor.class
Path = junit/framework/ComparisonFailure.class
Path = junit/framework/JUnit4TestAdapter.class
Path = junit/framework/JUnit4TestAdapterCache$1.class
Path = junit/framework/JUnit4TestAdapterCache.class
Path = junit/framework/JUnit4TestCaseFacade.class
Path = junit/framework/Protectable.class
Path = junit/framework/Test.class
Path = junit/framework/TestCase.class
Path = junit/framework/TestFailure.class
Path = junit/framework/TestListener.class
Path = junit/framework/TestResult$1.class
Path = junit/framework/TestResult.class
Path = junit/framework/TestSuite$1.class
Path = junit/framework/TestSuite.class
Path = junit/runner/BaseTestRunner.class
Path = junit/runner/TestRunListener.class
Path = junit/runner/Version.class
Path = junit/runner/excluded.properties
Path = junit/runner/logo.gif
Path = junit/runner/smalllogo.gif
Path = junit/textui/ResultPrinter.class
Path = junit/textui/TestRunner.class
Path = org/junit/After.class
Path = org/junit/AfterClass.class
Path = org/junit/Assert.class
Path = org/junit/Before.class
Path = org/junit/BeforeClass.class
Path = org/junit/ComparisonFailure$ComparisonCompactor.class
Path = org/junit/ComparisonFailure.class
Path = org/junit/Ignore.class
Path = org/junit/Test$None.class
Path = org/junit/Test.class
Path = org/junit/internal/requests/ClassRequest.class
Path = org/junit/internal/requests/ClassesRequest.class
Path = org/junit/internal/requests/ErrorReportingRequest.class
Path = org/junit/internal/requests/FilterRequest.class
Path = org/junit/internal/requests/SortingRequest.class
Path = org/junit/internal/runners/BeforeAndAfterRunner$FailedBefore.class
Path = org/junit/internal/runners/BeforeAndAfterRunner.class
Path = org/junit/internal/runners/CompositeRunner$1.class
Path = org/junit/internal/runners/CompositeRunner.class
Path = org/junit/internal/runners/ErrorReportingRunner.class
Path = org/junit/internal/runners/InitializationError.class
Path = org/junit/internal/runners/MethodValidator.class
Path = org/junit/internal/runners/OldTestClassRunner$1.class
Path = org/junit/internal/runners/OldTestClassRunner.class
Path = org/junit/internal/runners/TestClassMethodsRunner$1.class
Path = org/junit/internal/runners/TestClassMethodsRunner.class
Path = org/junit/internal/runners/TestClassRunner$1.class
Path = org/junit/internal/runners/TestClassRunner.class
Path = org/junit/internal/runners/TestIntrospector.class
Path = org/junit/internal/runners/TestMethodRunner$1.class
Path = org/junit/internal/runners/TestMethodRunner.class
Path = org/junit/internal/runners/TextListener.class
Path = org/junit/runner/Description.class
Path = org/junit/runner/JUnitCore.class
Path = org/junit/runner/Request$1.class
Path = org/junit/runner/Request.class
Path = org/junit/runner/Result$Listener.class
Path = org/junit/runner/Result.class
Path = org/junit/runner/RunWith.class
Path = org/junit/runner/Runner.class
Path = org/junit/runner/manipulation/Filter$1.class
Path = org/junit/runner/manipulation/Filter.class
Path = org/junit/runner/manipulation/Filterable.class
Path = org/junit/runner/manipulation/NoTestsRemainException.class
Path = org/junit/runner/manipulation/Sortable.class
Path = org/junit/runner/manipulation/Sorter.class
Path = org/junit/runner/notification/Failure.class
Path = org/junit/runner/notification/RunListener.class
Path = org/junit/runner/notification/RunNotifier$1.class
Path = org/junit/runner/notification/RunNotifier$2.class
Path = org/junit/runner/notification/RunNotifier$3.class
Path = org/junit/runner/notification/RunNotifier$4.class
Path = org/junit/runner/notification/RunNotifier$5.class
Path = org/junit/runner/notification/RunNotifier$6.class
Path = org/junit/runner/notification/RunNotifier$SafeNotifier.class
Path = org/junit/runner/notification/RunNotifier.class
Path = org/junit/runner/notification/StoppedByUserException.class
Path = org/junit/runners/AllTests.class
Path = org/junit/runners/Parameterized$Parameters.class
Path = org/junit/runners/Parameterized$RunAllParameterMethods.class
Path = org/junit/runners/Parameterized$TestClassRunnerForParameters.class
Path = org/junit/runners/Parameterized.class
Path = org/junit/runners/Suite$SuiteClasses.class
Path = org/junit/runners/Suite.class
Path = stylesheet.css
Path = to-do.txt
