Path = servlet-api.jar
Path = META-INF
Path = META-INF/MANIFEST.MF
Path = javax
Path = javax/servlet
Path = javax/servlet/annotation
Path = javax/servlet/descriptor
Path = javax/servlet/http
Path = javax/servlet/resources
Path = javax/servlet/AsyncContext.class
Path = javax/servlet/AsyncEvent.class
Path = javax/servlet/AsyncListener.class
Path = javax/servlet/DispatcherType.class
Path = javax/servlet/Filter.class
Path = javax/servlet/FilterChain.class
Path = javax/servlet/FilterConfig.class
Path = javax/servlet/FilterRegistration$Dynamic.class
Path = javax/servlet/FilterRegistration.class
Path = javax/servlet/GenericFilter.class
Path = javax/servlet/GenericServlet.class
Path = javax/servlet/HttpConstraintElement.class
Path = javax/servlet/HttpMethodConstraintElement.class
Path = javax/servlet/LocalStrings.properties
Path = javax/servlet/MultipartConfigElement.class
Path = javax/servlet/ReadListener.class
Path = javax/servlet/Registration$Dynamic.class
Path = javax/servlet/Registration.class
Path = javax/servlet/RequestDispatcher.class
Path = javax/servlet/Servlet.class
Path = javax/servlet/ServletConfig.class
Path = javax/servlet/ServletContainerInitializer.class
Path = javax/servlet/ServletContext.class
Path = javax/servlet/ServletContextAttributeEvent.class
Path = javax/servlet/ServletContextAttributeListener.class
Path = javax/servlet/ServletContextEvent.class
Path = javax/servlet/ServletContextListener.class
Path = javax/servlet/ServletException.class
Path = javax/servlet/ServletInputStream.class
Path = javax/servlet/ServletOutputStream.class
Path = javax/servlet/ServletRegistration$Dynamic.class
Path = javax/servlet/ServletRegistration.class
Path = javax/servlet/ServletRequest.class
Path = javax/servlet/ServletRequestAttributeEvent.class
Path = javax/servlet/ServletRequestAttributeListener.class
Path = javax/servlet/ServletRequestEvent.class
Path = javax/servlet/ServletRequestListener.class
Path = javax/servlet/ServletRequestWrapper.class
Path = javax/servlet/ServletResponse.class
Path = javax/servlet/ServletResponseWrapper.class
Path = javax/servlet/ServletSecurityElement.class
Path = javax/servlet/SessionCookieConfig.class
Path = javax/servlet/SessionTrackingMode.class
Path = javax/servlet/SingleThreadModel.class
Path = javax/servlet/UnavailableException.class
Path = javax/servlet/WriteListener.class
Path = javax/servlet/annotation/HandlesTypes.class
Path = javax/servlet/annotation/HttpConstraint.class
Path = javax/servlet/annotation/HttpMethodConstraint.class
Path = javax/servlet/annotation/MultipartConfig.class
Path = javax/servlet/annotation/ServletSecurity$EmptyRoleSemantic.class
Path = javax/servlet/annotation/ServletSecurity$TransportGuarantee.class
Path = javax/servlet/annotation/ServletSecurity.class
Path = javax/servlet/annotation/WebFilter.class
Path = javax/servlet/annotation/WebInitParam.class
Path = javax/servlet/annotation/WebListener.class
Path = javax/servlet/annotation/WebServlet.class
Path = javax/servlet/descriptor/JspConfigDescriptor.class
Path = javax/servlet/descriptor/JspPropertyGroupDescriptor.class
Path = javax/servlet/descriptor/TaglibDescriptor.class
Path = javax/servlet/http/Cookie.class
Path = javax/servlet/http/CookieNameValidator.class
Path = javax/servlet/http/HttpFilter.class
Path = javax/servlet/http/HttpServlet.class
Path = javax/servlet/http/HttpServletRequest$1.class
Path = javax/servlet/http/HttpServletRequest.class
Path = javax/servlet/http/HttpServletRequestWrapper.class
Path = javax/servlet/http/HttpServletResponse.class
Path = javax/servlet/http/HttpServletResponseWrapper.class
Path = javax/servlet/http/HttpSession.class
Path = javax/servlet/http/HttpSessionActivationListener.class
Path = javax/servlet/http/HttpSessionAttributeListener.class
Path = javax/servlet/http/HttpSessionBindingEvent.class
Path = javax/servlet/http/HttpSessionBindingListener.class
Path = javax/servlet/http/HttpSessionContext.class
Path = javax/servlet/http/HttpSessionEvent.class
Path = javax/servlet/http/HttpSessionIdListener.class
Path = javax/servlet/http/HttpSessionListener.class
Path = javax/servlet/http/HttpUpgradeHandler.class
Path = javax/servlet/http/HttpUtils.class
Path = javax/servlet/http/LocalStrings.properties
Path = javax/servlet/http/Mapping.class
Path = javax/servlet/http/MappingMatch.class
Path = javax/servlet/http/NoBodyOutputStream.class
Path = javax/servlet/http/NoBodyResponse.class
Path = javax/servlet/http/Part.class
Path = javax/servlet/http/PushBuilder.class
Path = javax/servlet/http/RFC2109Validator.class
Path = javax/servlet/http/RFC6265Validator.class
Path = javax/servlet/http/WebConnection.class
Path = javax/servlet/resources/XMLSchema.dtd
Path = javax/servlet/resources/datatypes.dtd
Path = javax/servlet/resources/j2ee_1_4.xsd
Path = javax/servlet/resources/j2ee_web_services_1_1.xsd
Path = javax/servlet/resources/j2ee_web_services_client_1_1.xsd
Path = javax/servlet/resources/javaee_5.xsd
Path = javax/servlet/resources/javaee_6.xsd
Path = javax/servlet/resources/javaee_7.xsd
Path = javax/servlet/resources/javaee_8.xsd
Path = javax/servlet/resources/javaee_web_services_1_2.xsd
Path = javax/servlet/resources/javaee_web_services_1_3.xsd
Path = javax/servlet/resources/javaee_web_services_1_4.xsd
Path = javax/servlet/resources/javaee_web_services_client_1_2.xsd
Path = javax/servlet/resources/javaee_web_services_client_1_3.xsd
Path = javax/servlet/resources/javaee_web_services_client_1_4.xsd
Path = javax/servlet/resources/jsp_2_0.xsd
Path = javax/servlet/resources/jsp_2_1.xsd
Path = javax/servlet/resources/jsp_2_2.xsd
Path = javax/servlet/resources/jsp_2_3.xsd
Path = javax/servlet/resources/web-app_2_2.dtd
Path = javax/servlet/resources/web-app_2_3.dtd
Path = javax/servlet/resources/web-app_2_4.xsd
Path = javax/servlet/resources/web-app_2_5.xsd
Path = javax/servlet/resources/web-app_3_0.xsd
Path = javax/servlet/resources/web-app_3_1.xsd
Path = javax/servlet/resources/web-app_4_0.xsd
Path = javax/servlet/resources/web-common_3_0.xsd
Path = javax/servlet/resources/web-common_3_1.xsd
Path = javax/servlet/resources/web-common_4_0.xsd
Path = javax/servlet/resources/web-fragment_3_0.xsd
Path = javax/servlet/resources/web-fragment_3_1.xsd
Path = javax/servlet/resources/web-fragment_4_0.xsd
Path = javax/servlet/resources/web-jsptaglibrary_1_1.dtd
Path = javax/servlet/resources/web-jsptaglibrary_1_2.dtd
Path = javax/servlet/resources/web-jsptaglibrary_2_0.xsd
Path = javax/servlet/resources/web-jsptaglibrary_2_1.xsd
Path = javax/servlet/resources/xml.xsd
Path = META-INF/NOTICE
Path = META-INF/LICENSE
