Path = websocket-api.jar
Path = META-INF
Path = META-INF/MANIFEST.MF
Path = javax
Path = javax/websocket
Path = javax/websocket/server
Path = javax/websocket/ClientEndpoint.class
Path = javax/websocket/ClientEndpointConfig$Builder$1.class
Path = javax/websocket/ClientEndpointConfig$Builder.class
Path = javax/websocket/ClientEndpointConfig$Configurator.class
Path = javax/websocket/ClientEndpointConfig.class
Path = javax/websocket/CloseReason$CloseCode.class
Path = javax/websocket/CloseReason$CloseCodes$1.class
Path = javax/websocket/CloseReason$CloseCodes.class
Path = javax/websocket/CloseReason.class
Path = javax/websocket/ContainerProvider.class
Path = javax/websocket/DecodeException.class
Path = javax/websocket/Decoder$Binary.class
Path = javax/websocket/Decoder$BinaryStream.class
Path = javax/websocket/Decoder$Text.class
Path = javax/websocket/Decoder$TextStream.class
Path = javax/websocket/Decoder.class
Path = javax/websocket/DefaultClientEndpointConfig.class
Path = javax/websocket/DeploymentException.class
Path = javax/websocket/EncodeException.class
Path = javax/websocket/Encoder$Binary.class
Path = javax/websocket/Encoder$BinaryStream.class
Path = javax/websocket/Encoder$Text.class
Path = javax/websocket/Encoder$TextStream.class
Path = javax/websocket/Encoder.class
Path = javax/websocket/Endpoint.class
Path = javax/websocket/EndpointConfig.class
Path = javax/websocket/Extension$Parameter.class
Path = javax/websocket/Extension.class
Path = javax/websocket/HandshakeResponse.class
Path = javax/websocket/MessageHandler$Partial.class
Path = javax/websocket/MessageHandler$Whole.class
Path = javax/websocket/MessageHandler.class
Path = javax/websocket/OnClose.class
Path = javax/websocket/OnError.class
Path = javax/websocket/OnMessage.class
Path = javax/websocket/OnOpen.class
Path = javax/websocket/PongMessage.class
Path = javax/websocket/RemoteEndpoint$Async.class
Path = javax/websocket/RemoteEndpoint$Basic.class
Path = javax/websocket/RemoteEndpoint.class
Path = javax/websocket/SendHandler.class
Path = javax/websocket/SendResult.class
Path = javax/websocket/Session.class
Path = javax/websocket/SessionException.class
Path = javax/websocket/WebSocketContainer.class
Path = javax/websocket/server/DefaultServerEndpointConfig.class
Path = javax/websocket/server/HandshakeRequest.class
Path = javax/websocket/server/PathParam.class
Path = javax/websocket/server/ServerApplicationConfig.class
Path = javax/websocket/server/ServerContainer.class
Path = javax/websocket/server/ServerEndpoint.class
Path = javax/websocket/server/ServerEndpointConfig$Builder.class
Path = javax/websocket/server/ServerEndpointConfig$Configurator.class
Path = javax/websocket/server/ServerEndpointConfig.class
Path = META-INF/NOTICE
Path = META-INF/LICENSE
